#
# There is insufficient memory for the Java Runtime Environment to continue.
# Native memory allocation (malloc) failed to allocate 1297456 bytes for Chunk::new
# Possible reasons:
#   The system is out of physical RAM or swap space
#   The process is running with CompressedOops enabled, and the Java Heap may be blocking the growth of the native heap
# Possible solutions:
#   Reduce memory load on the system
#   Increase physical memory or swap space
#   Check if swap backing store is full
#   Decrease Java heap size (-Xmx/-Xms)
#   Decrease number of Java threads
#   Decrease Java thread stack sizes (-Xss)
#   Set larger code cache with -XX:ReservedCodeCacheSize=
#   JVM is running with Unscaled Compressed Oops mode in which the Java heap is
#     placed in the first 4GB address space. The Java Heap base address is the
#     maximum limit for the native heap growth. Please use -XX:HeapBaseMinAddress
#     to set the Java Heap base and to place the Java Heap above 4GB virtual address.
# This output file may be truncated or incomplete.
#
#  Out of Memory Error (allocation.cpp:389), pid=9368, tid=0x0000000000001408
#
# JRE version: OpenJDK Runtime Environment (8.0) (build 1.8.0-25-microsoft-b00)
# Java VM: OpenJDK 64-Bit Server VM (25.71-b00 mixed mode windows-amd64 compressed oops)
# Failed to write core dump. Minidumps are not enabled by default on client versions of Windows
#

---------------  T H R E A D  ---------------

Current thread (0x0000000014df2800):  JavaThread "C2 CompilerThread0" daemon [_thread_in_native, id=5128, stack(0x0000000016440000,0x0000000016540000)]

Stack: [0x0000000016440000,0x0000000016540000]
[error occurred during error reporting (printing stack bounds), id 0xc0000005]

Native frames: (J=compiled Java code, j=interpreted, Vv=VM code, C=native code)


Current CompileTask:
C2:   4880 2045 %     4       com.android.dx.ssa.SsaMethod::mapRegisters @ 36 (87 bytes)


---------------  P R O C E S S  ---------------

Java Threads: ( => current thread )
  0x00000000169dd800 JavaThread "pool-2-thread-1" [_thread_blocked, id=20112, stack(0x0000000016e40000,0x0000000016f40000)]
  0x00000000169dd000 JavaThread "pool-1-thread-1" [_thread_in_Java, id=24476, stack(0x0000000016d40000,0x0000000016e40000)]
  0x000000001677b000 JavaThread "Service Thread" daemon [_thread_blocked, id=24344, stack(0x0000000016b40000,0x0000000016c40000)]
  0x0000000014e0d800 JavaThread "C1 CompilerThread2" daemon [_thread_in_native, id=17972, stack(0x0000000016640000,0x0000000016740000)]
  0x0000000014e06800 JavaThread "C2 CompilerThread1" daemon [_thread_in_native, id=16828, stack(0x0000000016540000,0x0000000016640000)]
=>0x0000000014df2800 JavaThread "C2 CompilerThread0" daemon [_thread_in_native, id=5128, stack(0x0000000016440000,0x0000000016540000)]
  0x0000000014df1800 JavaThread "Attach Listener" daemon [_thread_blocked, id=13036, stack(0x0000000016340000,0x0000000016440000)]
  0x0000000014df9800 JavaThread "Signal Dispatcher" daemon [_thread_blocked, id=24180, stack(0x0000000016240000,0x0000000016340000)]
  0x000000000271b800 JavaThread "Finalizer" daemon [_thread_blocked, id=24768, stack(0x0000000016050000,0x0000000016150000)]
  0x0000000002713800 JavaThread "Reference Handler" daemon [_thread_blocked, id=15700, stack(0x0000000015f50000,0x0000000016050000)]
  0x0000000002622800 JavaThread "main" [_thread_in_vm, id=24692, stack(0x00000000024d0000,0x00000000025d0000)]

Other Threads:
  0x0000000014db4800 VMThread [stack: 0x0000000015e50000,0x0000000015f50000] [id=9528]
  0x0000000014e4e000 WatcherThread [stack: 0x0000000016c40000,0x0000000016d40000] [id=12412]

VM state:not at safepoint (normal execution)

VM Mutex/Monitor currently owned by a thread: None

heap address: 0x00000000c0000000, size: 1024 MB, Compressed Oops mode: 32-bit
Narrow klass base: 0x0000000000000000, Narrow klass shift: 3
Compressed class space size: 1073741824 Address: 0x0000000100000000

Heap:
 PSYoungGen      total 128000K, used 124571K [0x00000000eab00000, 0x00000000f2d00000, 0x0000000100000000)
  eden space 122880K, 97% used [0x00000000eab00000,0x00000000f1faecd0,0x00000000f2300000)
  from space 5120K, 99% used [0x00000000f2300000,0x00000000f27f8010,0x00000000f2800000)
  to   space 5120K, 0% used [0x00000000f2800000,0x00000000f2800000,0x00000000f2d00000)
 ParOldGen       total 81920K, used 51853K [0x00000000c0000000, 0x00000000c5000000, 0x00000000eab00000)
  object space 81920K, 63% used [0x00000000c0000000,0x00000000c32a3520,0x00000000c5000000)
 Metaspace       used 6482K, capacity 7216K, committed 7296K, reserved 1056768K
  class space    used 596K, capacity 616K, committed 640K, reserved 1048576K

Card table byte_map: [0x0000000011ae0000,0x0000000011cf0000] byte_map_base: 0x00000000114e0000

Marking Bits: (ParMarkBitMap*) 0x0000000063968f30
 Begin Bits: [0x0000000012250000, 0x0000000013250000)
 End Bits:   [0x0000000013250000, 0x0000000014250000)

Polling page: 0x0000000000be0000

CodeCache: size=245760Kb used=9244Kb max_used=9244Kb free=236515Kb
 bounds [0x0000000002720000, 0x0000000003030000, 0x0000000011720000]
 total_blobs=2359 nmethods=2088 adapters=184
 compilation: enabled

Compilation events (10 events):
Event: 4.795 Thread 0x0000000014e0d800 nmethod 2160 0x00000000030136d0 code [0x00000000030138c0, 0x0000000003013ed8]
Event: 4.798 Thread 0x0000000014e0d800 2161       2       java.util.concurrent.locks.AbstractQueuedSynchronizer$Node::<init> (15 bytes)
Event: 4.798 Thread 0x0000000014e0d800 nmethod 2161 0x00000000030143d0 code [0x0000000003014520, 0x0000000003014690]
Event: 4.799 Thread 0x0000000014e0d800 2162       2       java.util.concurrent.locks.AbstractQueuedSynchronizer::transferForSignal (45 bytes)
Event: 4.800 Thread 0x0000000014e0d800 nmethod 2162 0x0000000003014710 code [0x0000000003014880, 0x0000000003014ad8]
Event: 4.811 Thread 0x0000000014e0d800 2163 % !   3       com.android.dx.cf.code.Ropper::processBlock @ 1035 (1101 bytes)
Event: 4.822 Thread 0x0000000014e0d800 nmethod 2163% 0x0000000003014c10 code [0x00000000030157a0, 0x000000000301f578]
Event: 4.870 Thread 0x0000000014e0d800 2164       2       com.android.dx.dex.file.AnnotationUtils::makeSignature (251 bytes)
Event: 4.872 Thread 0x0000000014e0d800 nmethod 2164 0x0000000003028250 code [0x0000000003028560, 0x0000000003029628]
Event: 4.878 Thread 0x0000000014e0d800 2165 %     3       com.android.dx.ssa.PhiInsn::predBlocksForReg @ 17 (73 bytes)

GC Heap History (10 events):
Event: 0.908 GC heap before
{Heap before GC invocations=1 (full 0):
 PSYoungGen      total 35840K, used 30720K [0x00000000eab00000, 0x00000000ed300000, 0x0000000100000000)
  eden space 30720K, 100% used [0x00000000eab00000,0x00000000ec900000,0x00000000ec900000)
  from space 5120K, 0% used [0x00000000ece00000,0x00000000ece00000,0x00000000ed300000)
  to   space 5120K, 0% used [0x00000000ec900000,0x00000000ec900000,0x00000000ece00000)
 ParOldGen       total 81920K, used 0K [0x00000000c0000000, 0x00000000c5000000, 0x00000000eab00000)
  object space 81920K, 0% used [0x00000000c0000000,0x00000000c0000000,0x00000000c5000000)
 Metaspace       used 5838K, capacity 6800K, committed 7040K, reserved 1056768K
  class space    used 561K, capacity 584K, committed 640K, reserved 1048576K
Event: 0.924 GC heap after
Heap after GC invocations=1 (full 0):
 PSYoungGen      total 35840K, used 5111K [0x00000000eab00000, 0x00000000ef100000, 0x0000000100000000)
  eden space 30720K, 0% used [0x00000000eab00000,0x00000000eab00000,0x00000000ec900000)
  from space 5120K, 99% used [0x00000000ec900000,0x00000000ecdfde18,0x00000000ece00000)
  to   space 5120K, 0% used [0x00000000eec00000,0x00000000eec00000,0x00000000ef100000)
 ParOldGen       total 81920K, used 845K [0x00000000c0000000, 0x00000000c5000000, 0x00000000eab00000)
  object space 81920K, 1% used [0x00000000c0000000,0x00000000c00d3700,0x00000000c5000000)
 Metaspace       used 5838K, capacity 6800K, committed 7040K, reserved 1056768K
  class space    used 561K, capacity 584K, committed 640K, reserved 1048576K
}
Event: 1.392 GC heap before
{Heap before GC invocations=2 (full 0):
 PSYoungGen      total 35840K, used 35831K [0x00000000eab00000, 0x00000000ef100000, 0x0000000100000000)
  eden space 30720K, 100% used [0x00000000eab00000,0x00000000ec900000,0x00000000ec900000)
  from space 5120K, 99% used [0x00000000ec900000,0x00000000ecdfde18,0x00000000ece00000)
  to   space 5120K, 0% used [0x00000000eec00000,0x00000000eec00000,0x00000000ef100000)
 ParOldGen       total 81920K, used 845K [0x00000000c0000000, 0x00000000c5000000, 0x00000000eab00000)
  object space 81920K, 1% used [0x00000000c0000000,0x00000000c00d3700,0x00000000c5000000)
 Metaspace       used 6046K, capacity 6992K, committed 7296K, reserved 1056768K
  class space    used 561K, capacity 584K, committed 640K, reserved 1048576K
Event: 1.410 GC heap after
Heap after GC invocations=2 (full 0):
 PSYoungGen      total 66560K, used 5112K [0x00000000eab00000, 0x00000000ef100000, 0x0000000100000000)
  eden space 61440K, 0% used [0x00000000eab00000,0x00000000eab00000,0x00000000ee700000)
  from space 5120K, 99% used [0x00000000eec00000,0x00000000ef0fe010,0x00000000ef100000)
  to   space 5120K, 0% used [0x00000000ee700000,0x00000000ee700000,0x00000000eec00000)
 ParOldGen       total 81920K, used 4893K [0x00000000c0000000, 0x00000000c5000000, 0x00000000eab00000)
  object space 81920K, 5% used [0x00000000c0000000,0x00000000c04c7700,0x00000000c5000000)
 Metaspace       used 6046K, capacity 6992K, committed 7296K, reserved 1056768K
  class space    used 561K, capacity 584K, committed 640K, reserved 1048576K
}
Event: 2.003 GC heap before
{Heap before GC invocations=3 (full 0):
 PSYoungGen      total 66560K, used 66552K [0x00000000eab00000, 0x00000000ef100000, 0x0000000100000000)
  eden space 61440K, 100% used [0x00000000eab00000,0x00000000ee700000,0x00000000ee700000)
  from space 5120K, 99% used [0x00000000eec00000,0x00000000ef0fe010,0x00000000ef100000)
  to   space 5120K, 0% used [0x00000000ee700000,0x00000000ee700000,0x00000000eec00000)
 ParOldGen       total 81920K, used 4893K [0x00000000c0000000, 0x00000000c5000000, 0x00000000eab00000)
  object space 81920K, 5% used [0x00000000c0000000,0x00000000c04c7700,0x00000000c5000000)
 Metaspace       used 6215K, capacity 7024K, committed 7296K, reserved 1056768K
  class space    used 580K, capacity 616K, committed 640K, reserved 1048576K
Event: 2.045 GC heap after
Heap after GC invocations=3 (full 0):
 PSYoungGen      total 66560K, used 5112K [0x00000000eab00000, 0x00000000f2d00000, 0x0000000100000000)
  eden space 61440K, 0% used [0x00000000eab00000,0x00000000eab00000,0x00000000ee700000)
  from space 5120K, 99% used [0x00000000ee700000,0x00000000eebfe018,0x00000000eec00000)
  to   space 5120K, 0% used [0x00000000f2800000,0x00000000f2800000,0x00000000f2d00000)
 ParOldGen       total 81920K, used 16527K [0x00000000c0000000, 0x00000000c5000000, 0x00000000eab00000)
  object space 81920K, 20% used [0x00000000c0000000,0x00000000c1023f00,0x00000000c5000000)
 Metaspace       used 6215K, capacity 7024K, committed 7296K, reserved 1056768K
  class space    used 580K, capacity 616K, committed 640K, reserved 1048576K
}
Event: 2.506 GC heap before
{Heap before GC invocations=4 (full 0):
 PSYoungGen      total 66560K, used 66552K [0x00000000eab00000, 0x00000000f2d00000, 0x0000000100000000)
  eden space 61440K, 100% used [0x00000000eab00000,0x00000000ee700000,0x00000000ee700000)
  from space 5120K, 99% used [0x00000000ee700000,0x00000000eebfe018,0x00000000eec00000)
  to   space 5120K, 0% used [0x00000000f2800000,0x00000000f2800000,0x00000000f2d00000)
 ParOldGen       total 81920K, used 16527K [0x00000000c0000000, 0x00000000c5000000, 0x00000000eab00000)
  object space 81920K, 20% used [0x00000000c0000000,0x00000000c1023f00,0x00000000c5000000)
 Metaspace       used 6257K, capacity 7088K, committed 7296K, reserved 1056768K
  class space    used 580K, capacity 616K, committed 640K, reserved 1048576K
Event: 2.567 GC heap after
Heap after GC invocations=4 (full 0):
 PSYoungGen      total 128000K, used 5095K [0x00000000eab00000, 0x00000000f2d00000, 0x0000000100000000)
  eden space 122880K, 0% used [0x00000000eab00000,0x00000000eab00000,0x00000000f2300000)
  from space 5120K, 99% used [0x00000000f2800000,0x00000000f2cf9c28,0x00000000f2d00000)
  to   space 5120K, 0% used [0x00000000f2300000,0x00000000f2300000,0x00000000f2800000)
 ParOldGen       total 81920K, used 30198K [0x00000000c0000000, 0x00000000c5000000, 0x00000000eab00000)
  object space 81920K, 36% used [0x00000000c0000000,0x00000000c1d7db98,0x00000000c5000000)
 Metaspace       used 6257K, capacity 7088K, committed 7296K, reserved 1056768K
  class space    used 580K, capacity 616K, committed 640K, reserved 1048576K
}
Event: 3.644 GC heap before
{Heap before GC invocations=5 (full 0):
 PSYoungGen      total 128000K, used 127975K [0x00000000eab00000, 0x00000000f2d00000, 0x0000000100000000)
  eden space 122880K, 100% used [0x00000000eab00000,0x00000000f2300000,0x00000000f2300000)
  from space 5120K, 99% used [0x00000000f2800000,0x00000000f2cf9c28,0x00000000f2d00000)
  to   space 5120K, 0% used [0x00000000f2300000,0x00000000f2300000,0x00000000f2800000)
 ParOldGen       total 81920K, used 30198K [0x00000000c0000000, 0x00000000c5000000, 0x00000000eab00000)
  object space 81920K, 36% used [0x00000000c0000000,0x00000000c1d7db98,0x00000000c5000000)
 Metaspace       used 6302K, capacity 7088K, committed 7296K, reserved 1056768K
  class space    used 580K, capacity 616K, committed 640K, reserved 1048576K
Event: 3.723 GC heap after
Heap after GC invocations=5 (full 0):
 PSYoungGen      total 128000K, used 5088K [0x00000000eab00000, 0x00000000f2d00000, 0x0000000100000000)
  eden space 122880K, 0% used [0x00000000eab00000,0x00000000eab00000,0x00000000f2300000)
  from space 5120K, 99% used [0x00000000f2300000,0x00000000f27f8010,0x00000000f2800000)
  to   space 5120K, 0% used [0x00000000f2800000,0x00000000f2800000,0x00000000f2d00000)
 ParOldGen       total 81920K, used 51853K [0x00000000c0000000, 0x00000000c5000000, 0x00000000eab00000)
  object space 81920K, 63% used [0x00000000c0000000,0x00000000c32a3520,0x00000000c5000000)
 Metaspace       used 6302K, capacity 7088K, committed 7296K, reserved 1056768K
  class space    used 580K, capacity 616K, committed 640K, reserved 1048576K
}

Deoptimization events (10 events):
Event: 4.219 Thread 0x0000000002622800 Uncommon trap: reason=class_check action=maybe_recompile pc=0x0000000002964ad4 method=com.android.dx.ssa.NormalSsaInsn.accept(Lcom/android/dx/ssa/SsaInsn$Visitor;)V @ 9
Event: 4.219 Thread 0x0000000002622800 Uncommon trap: reason=class_check action=maybe_recompile pc=0x000000000295cbf0 method=com.android.dx.ssa.NormalSsaInsn.accept(Lcom/android/dx/ssa/SsaInsn$Visitor;)V @ 9
Event: 4.248 Thread 0x0000000002622800 Uncommon trap: reason=null_check action=make_not_entrant pc=0x00000000029e3e28 method=com.android.dx.rop.type.Type.equals(Ljava/lang/Object;)Z @ 8
Event: 4.337 Thread 0x0000000002622800 Uncommon trap: reason=unstable_if action=reinterpret pc=0x0000000002fa903c method=com.android.dx.cf.code.Ropper.processBlock(Lcom/android/dx/cf/code/ByteBlock;Lcom/android/dx/cf/code/Frame;[I)V @ 975
Event: 4.359 Thread 0x0000000002622800 Uncommon trap: reason=unstable_if action=reinterpret pc=0x0000000002ed32c4 method=com.android.dx.cf.code.Merger.isPossiblyAssignableFrom(Lcom/android/dx/rop/type/TypeBearer;Lcom/android/dx/rop/type/TypeBearer;)Z @ 131
Event: 4.452 Thread 0x0000000002622800 Uncommon trap: reason=unstable_if action=reinterpret pc=0x0000000002cfd238 method=com.android.dx.rop.cst.StdConstantPool.set(ILcom/android/dx/rop/cst/Constant;)V @ 12
Event: 4.462 Thread 0x0000000002622800 Uncommon trap: reason=unstable_if action=reinterpret pc=0x0000000002875c80 method=java.util.regex.Pattern$BnM.match(Ljava/util/regex/Matcher;ILjava/lang/CharSequence;)Z @ 34
Event: 4.510 Thread 0x0000000002622800 Uncommon trap: reason=unstable_if action=reinterpret pc=0x0000000002e58a58 method=com.android.dx.ssa.SsaMethod.onSourcesChanged(Lcom/android/dx/ssa/SsaInsn;Lcom/android/dx/rop/code/RegisterSpecList;)V @ 9
Event: 4.510 Thread 0x0000000002622800 Uncommon trap: reason=unstable_if action=reinterpret pc=0x0000000002aa3adc method=com.android.dx.ssa.SsaMethod.updateOneDefinition(Lcom/android/dx/ssa/SsaInsn;Lcom/android/dx/rop/code/RegisterSpec;)V @ 4
Event: 4.618 Thread 0x0000000002622800 Uncommon trap: reason=unstable_if action=reinterpret pc=0x0000000002ff57d8 method=com.android.dx.ssa.SCCP.simulateBranch(Lcom/android/dx/ssa/SsaInsn;)V @ 118

Classes redefined (0 events):
No events

Internal exceptions (7 events):
Event: 0.034 Thread 0x0000000002622800 Exception <a 'java/lang/NoSuchMethodError': Method sun.misc.Unsafe.defineClass(Ljava/lang/String;[BII)Ljava/lang/Class; name or signature does not match> (0x00000000eab07cb0) thrown at [D:\j\worksp~1\openjd~3\jdk8u\hotspot\src\share\vm\prims\jni.cpp, line
Event: 0.034 Thread 0x0000000002622800 Exception <a 'java/lang/NoSuchMethodError': Method sun.misc.Unsafe.prefetchRead(Ljava/lang/Object;J)V name or signature does not match> (0x00000000eab07f98) thrown at [D:\j\worksp~1\openjd~3\jdk8u\hotspot\src\share\vm\prims\jni.cpp, line 4012]
Event: 1.838 Thread 0x00000000169dd000 Exception <a 'java/lang/ArrayIndexOutOfBoundsException': 18> (0x00000000ed40b888) thrown at [D:\j\worksp~1\openjd~3\jdk8u\hotspot\src\share\vm\interpreter\interpreterRuntime.cpp, line 368]
Event: 1.839 Thread 0x00000000169dd000 Exception <a 'java/lang/ArrayIndexOutOfBoundsException': 145> (0x00000000ed40d408) thrown at [D:\j\worksp~1\openjd~3\jdk8u\hotspot\src\share\vm\interpreter\interpreterRuntime.cpp, line 368]
Event: 1.840 Thread 0x00000000169dd000 Exception <a 'java/lang/ArrayIndexOutOfBoundsException'> (0x00000000ed40e6f0) thrown at [D:\j\worksp~1\openjd~3\jdk8u\hotspot\src\share\vm\runtime\sharedRuntime.cpp, line 605]
Event: 4.248 Thread 0x0000000002622800 Implicit null exception at 0x00000000029e3d22 to 0x00000000029e3e1a
Event: 4.510 Thread 0x0000000002622800 Implicit null exception at 0x0000000002e5817e to 0x0000000002e58a41

Events (10 events):
Event: 4.685 Thread 0x0000000002622800 DEOPT PACKING pc=0x0000000002ea2575 sp=0x00000000025cdf20
Event: 4.685 Thread 0x0000000002622800 DEOPT UNPACKING pc=0x00000000027675d0 sp=0x00000000025cdc88 mode 0
Event: 4.712 Thread 0x0000000002622800 DEOPT PACKING pc=0x0000000002acd8f8 sp=0x00000000025cdbd0
Event: 4.712 Thread 0x0000000002622800 DEOPT UNPACKING pc=0x00000000027675d0 sp=0x00000000025cd8f8 mode 0
Event: 4.712 Thread 0x0000000002622800 DEOPT PACKING pc=0x0000000002c912a4 sp=0x00000000025cdfc0
Event: 4.712 Thread 0x0000000002622800 DEOPT UNPACKING pc=0x00000000027675d0 sp=0x00000000025cdd30 mode 0
Event: 4.792 Thread 0x00000000169dd000 DEOPT PACKING pc=0x0000000002fe30f2 sp=0x0000000016e3e890
Event: 4.792 Thread 0x00000000169dd000 DEOPT UNPACKING pc=0x00000000027675d0 sp=0x0000000016e3e660 mode 0
Event: 4.861 Thread 0x00000000169dd000 DEOPT PACKING pc=0x0000000002acd8f8 sp=0x0000000016e3e720
Event: 4.861 Thread 0x00000000169dd000 DEOPT UNPACKING pc=0x00000000027675d0 sp=0x0000000016e3e448 mode 0


Dynamic libraries:
0x00007ff6d2910000 - 0x00007ff6d2945000 	C:\Program Files\Android\jdk\microsoft_dist_openjdk_1.8.0.25\bin\java.exe
0x00007ffa5aa50000 - 0x00007ffa5ac31000 	C:\WINDOWS\SYSTEM32\ntdll.dll
0x00007ffa5a760000 - 0x00007ffa5a811000 	C:\WINDOWS\System32\KERNEL32.DLL
0x00007ffa56e20000 - 0x00007ffa57093000 	C:\WINDOWS\System32\KERNELBASE.dll
0x00007ffa585e0000 - 0x00007ffa58681000 	C:\WINDOWS\System32\ADVAPI32.dll
0x00007ffa58ca0000 - 0x00007ffa58d3e000 	C:\WINDOWS\System32\msvcrt.dll
0x00007ffa5a6f0000 - 0x00007ffa5a74b000 	C:\WINDOWS\System32\sechost.dll
0x00007ffa58850000 - 0x00007ffa58974000 	C:\WINDOWS\System32\RPCRT4.dll
0x00007ffa5a890000 - 0x00007ffa5aa20000 	C:\WINDOWS\System32\USER32.dll
0x00007ffa57e40000 - 0x00007ffa57e60000 	C:\WINDOWS\System32\win32u.dll
0x00007ffa58f40000 - 0x00007ffa58f68000 	C:\WINDOWS\System32\GDI32.dll
0x00007ffa57140000 - 0x00007ffa572d1000 	C:\WINDOWS\System32\gdi32full.dll
0x00007ffa570a0000 - 0x00007ffa5713f000 	C:\WINDOWS\System32\msvcp_win.dll
0x00007ffa575e0000 - 0x00007ffa576d8000 	C:\WINDOWS\System32\ucrtbase.dll
0x00007ffa452c0000 - 0x00007ffa45529000 	C:\WINDOWS\WinSxS\amd64_microsoft.windows.common-controls_6595b64144ccf1df_6.0.17134.829_none_fb46a5473061b9d5\COMCTL32.dll
0x00007ffa5a3c0000 - 0x00007ffa5a6e2000 	C:\WINDOWS\System32\combase.dll
0x00007ffa57e60000 - 0x00007ffa57eda000 	C:\WINDOWS\System32\bcryptPrimitives.dll
0x00007ffa58820000 - 0x00007ffa5884d000 	C:\WINDOWS\System32\IMM32.DLL
0x00000000639f0000 - 0x0000000063ac1000 	C:\Program Files\Android\jdk\microsoft_dist_openjdk_1.8.0.25\jre\bin\msvcr100.dll
0x00000000631a0000 - 0x00000000639e5000 	C:\Program Files\Android\jdk\microsoft_dist_openjdk_1.8.0.25\jre\bin\server\jvm.dll
0x00007ffa58f70000 - 0x00007ffa58f78000 	C:\WINDOWS\System32\PSAPI.DLL
0x00007ffa369a0000 - 0x00007ffa369a9000 	C:\WINDOWS\SYSTEM32\WSOCK32.dll
0x00007ffa4e990000 - 0x00007ffa4e9b3000 	C:\WINDOWS\SYSTEM32\WINMM.dll
0x00007ffa55e00000 - 0x00007ffa55e0a000 	C:\WINDOWS\SYSTEM32\VERSION.dll
0x00007ffa5a820000 - 0x00007ffa5a88c000 	C:\WINDOWS\System32\WS2_32.dll
0x00007ffa4e800000 - 0x00007ffa4e82a000 	C:\WINDOWS\SYSTEM32\WINMMBASE.dll
0x00007ffa57df0000 - 0x00007ffa57e39000 	C:\WINDOWS\System32\cfgmgr32.dll
0x00007ffa53500000 - 0x00007ffa5350f000 	C:\Program Files\Android\jdk\microsoft_dist_openjdk_1.8.0.25\jre\bin\verify.dll
0x00007ffa348a0000 - 0x00007ffa348c9000 	C:\Program Files\Android\jdk\microsoft_dist_openjdk_1.8.0.25\jre\bin\java.dll
0x00007ffa51560000 - 0x00007ffa51576000 	C:\Program Files\Android\jdk\microsoft_dist_openjdk_1.8.0.25\jre\bin\zip.dll
0x00007ffa58f80000 - 0x00007ffa5a3c0000 	C:\WINDOWS\System32\SHELL32.dll
0x00007ffa58770000 - 0x00007ffa58819000 	C:\WINDOWS\System32\shcore.dll
0x00007ffa576e0000 - 0x00007ffa57ded000 	C:\WINDOWS\System32\windows.storage.dll
0x00007ffa57ee0000 - 0x00007ffa57f31000 	C:\WINDOWS\System32\shlwapi.dll
0x00007ffa56e00000 - 0x00007ffa56e11000 	C:\WINDOWS\System32\kernel.appcore.dll
0x00007ffa56dd0000 - 0x00007ffa56def000 	C:\WINDOWS\System32\profapi.dll
0x00007ffa56d80000 - 0x00007ffa56dcc000 	C:\WINDOWS\System32\powrprof.dll
0x00007ffa56df0000 - 0x00007ffa56dfa000 	C:\WINDOWS\System32\FLTLIB.DLL

VM Arguments:
jvm_args: -Xmx1G 
java_command: C:\Program Files (x86)\Android\android-sdk\build-tools\25.0.3\\lib\dx.jar --dex --no-strict --output obj\Debug\81\android\bin E:\XWP.Demo06-final\XWP.Demo06\XWP.Demo06.Android\obj\Debug\81\android\bin\classes.zip C:\Program Files (x86)\Microsoft Visual Studio\2017\Professional\Common7\IDE\ReferenceAssemblies\Microsoft\Framework\MonoAndroid\v8.1\mono.android.jar obj\Debug\81\lp\0\jl\formsviewgroup.jar obj\Debug\81\lp\33\jl\arch-core-common.jar obj\Debug\81\lp\34\jl\arch-lifecycle-common.jar obj\Debug\81\lp\35\jl\bin\classes.jar obj\Debug\81\lp\36\jl\bin\classes.jar obj\Debug\81\lp\38\jl\bin\classes.jar obj\Debug\81\lp\39\jl\bin\classes.jar obj\Debug\81\lp\40\jl\bin\classes.jar obj\Debug\81\lp\41\jl\bin\classes.jar obj\Debug\81\lp\42\jl\bin\classes.jar obj\Debug\81\lp\43\jl\bin\classes.jar obj\Debug\81\lp\44\jl\bin\classes.jar obj\Debug\81\lp\45\jl\bin\classes.jar obj\Debug\81\lp\46\jl\bin\classes.jar obj\Debug\81\lp\47\jl\bin\classes.jar obj\Debug\81\lp\48\jl\bin\classes.jar obj\Debug\81\lp\49\jl\bin\classes.jar obj\Debug\81\lp\50\jl\bin\classes.jar obj\Debug\81\lp\51\jl\bin\classes.jar obj\Debug\81\lp\52\jl\bin\classes.jar
java_class_path (initial): C:\Program Files (x86)\Android\android-sdk\build-tools\25.0.3\\lib\dx.jar
Launcher Type: SUN_STANDARD

Environment Variables:
PATH=C:\Program Files\Android\jdk\microsoft_dist_openjdk_1.8.0.25\bin;C:\Program Files (x86)\Common Files\Oracle\Java\javapath;C:\WINDOWS\system32;C:\WINDOWS;C:\WINDOWS\System32\Wbem;C:\WINDOWS\System32\WindowsPowerShell\v1.0\;C:\Program Files\Microsoft SQL Server\130\Tools\Binn\;C:\Program Files\dotnet\;C:\Program Files\Microsoft SQL Server\Client SDK\ODBC\110\Tools\Binn\;C:\Program Files (x86)\Microsoft SQL Server\120\Tools\Binn\ManagementStudio\;C:\Program Files (x86)\Microsoft SQL Server\120\Tools\Binn\;C:\Program Files\Microsoft SQL Server\120\Tools\Binn\;C:\Program Files (x86)\Microsoft SQL Server\120\DTS\Binn\;C:\Program Files\OpenVPN\bin;C:\PostgreSQL\pg96\bin;C:\WINDOWS\System32\OpenSSH\;C:\xampp\php;C:\xampp\mysql\bin;C:\Program Files\Git\cmd;C:\Program Files\Intel\WiFi\bin\;C:\Program Files\Common Files\Intel\WirelessCommon\;C:\Program Files (x86)\Intel\Intel(R) Management Engine Components\DAL;C:\Program Files\Intel\Intel(R) Management Engine Components\DAL;C:\Users\Urbi\AppData\Local\Microsoft\WindowsApps;C:\Users\Urbi\.dotnet\tools;C:\Users\Urbi\AppData\Local\GitHubDesktop\bin
USERNAME=Urbi
OS=Windows_NT
PROCESSOR_IDENTIFIER=Intel64 Family 6 Model 142 Stepping 9, GenuineIntel



---------------  S Y S T E M  ---------------

OS: Windows 10.0 , 64 bit Build 17134 (10.0.17134.753)

CPU:total 4 (initial active 4) (2 cores per cpu, 2 threads per core) family 6 model 142 stepping 9, cmov, cx8, fxsr, mmx, sse, sse2, sse3, ssse3, sse4.1, sse4.2, popcnt, avx, avx2, aes, clmul, erms, 3dnowpref, lzcnt, ht, tsc, tscinvbit, bmi1, bmi2, adx

Memory: 4k page, physical 7773400k(505376k free), swap 16536020k(3672k free)

vm_info: OpenJDK 64-Bit Server VM (25.71-b00) for windows-amd64 JRE (1.8.0-25-microsoft-b00), built on Feb  7 2019 20:09:14 by "builder" with MS VC++ 10.0 (VS2010)

time: Wed Jun 19 22:10:42 2019
timezone: Støední Evropa (letní èas)
elapsed time: 4 seconds (0d 0h 0m 4s)

