#
# There is insufficient memory for the Java Runtime Environment to continue.
# Native memory allocation (malloc) failed to allocate 1447280 bytes for Chunk::new
# Possible reasons:
#   The system is out of physical RAM or swap space
#   The process is running with CompressedOops enabled, and the Java Heap may be blocking the growth of the native heap
# Possible solutions:
#   Reduce memory load on the system
#   Increase physical memory or swap space
#   Check if swap backing store is full
#   Decrease Java heap size (-Xmx/-Xms)
#   Decrease number of Java threads
#   Decrease Java thread stack sizes (-Xss)
#   Set larger code cache with -XX:ReservedCodeCacheSize=
#   JVM is running with Unscaled Compressed Oops mode in which the Java heap is
#     placed in the first 4GB address space. The Java Heap base address is the
#     maximum limit for the native heap growth. Please use -XX:HeapBaseMinAddress
#     to set the Java Heap base and to place the Java Heap above 4GB virtual address.
# This output file may be truncated or incomplete.
#
#  Out of Memory Error (allocation.cpp:389), pid=25236, tid=0x0000000000002984
#
# JRE version: OpenJDK Runtime Environment (8.0) (build 1.8.0-25-microsoft-b00)
# Java VM: OpenJDK 64-Bit Server VM (25.71-b00 mixed mode windows-amd64 compressed oops)
# Failed to write core dump. Minidumps are not enabled by default on client versions of Windows
#

---------------  T H R E A D  ---------------

Current thread (0x0000000015c72800):  JavaThread "C2 CompilerThread0" daemon [_thread_in_native, id=10628, stack(0x00000000171d0000,0x00000000172d0000)]

Stack: [0x00000000171d0000,0x00000000172d0000]
[error occurred during error reporting (printing stack bounds), id 0xc0000005]

Native frames: (J=compiled Java code, j=interpreted, Vv=VM code, C=native code)


Current CompileTask:
C2:   6214 2219       4       com.android.dx.ssa.SsaMethod::forEachInsn (36 bytes)


---------------  P R O C E S S  ---------------

Java Threads: ( => current thread )
  0x000000001774f000 JavaThread "pool-2-thread-1" [_thread_blocked, id=18996, stack(0x0000000017bd0000,0x0000000017cd0000)]
  0x000000001774c800 JavaThread "pool-1-thread-1" [_thread_blocked, id=2800, stack(0x0000000017ad0000,0x0000000017bd0000)]
  0x0000000017500800 JavaThread "Service Thread" daemon [_thread_blocked, id=23460, stack(0x00000000178d0000,0x00000000179d0000)]
  0x0000000015c8c800 JavaThread "C1 CompilerThread2" daemon [_thread_blocked, id=14848, stack(0x00000000173d0000,0x00000000174d0000)]
  0x0000000015c86000 JavaThread "C2 CompilerThread1" daemon [_thread_in_native, id=9972, stack(0x00000000172d0000,0x00000000173d0000)]
=>0x0000000015c72800 JavaThread "C2 CompilerThread0" daemon [_thread_in_native, id=10628, stack(0x00000000171d0000,0x00000000172d0000)]
  0x0000000015c71800 JavaThread "Attach Listener" daemon [_thread_blocked, id=5332, stack(0x00000000170d0000,0x00000000171d0000)]
  0x0000000015c79800 JavaThread "Signal Dispatcher" daemon [_thread_blocked, id=19972, stack(0x0000000016fd0000,0x00000000170d0000)]
  0x000000000359b800 JavaThread "Finalizer" daemon [_thread_blocked, id=17144, stack(0x0000000016ed0000,0x0000000016fd0000)]
  0x0000000003593800 JavaThread "Reference Handler" daemon [_thread_blocked, id=24220, stack(0x0000000016dd0000,0x0000000016ed0000)]
  0x00000000034a2800 JavaThread "main" [_thread_blocked, id=24060, stack(0x00000000033a0000,0x00000000034a0000)]

Other Threads:
  0x0000000015c34800 VMThread [stack: 0x0000000016cd0000,0x0000000016dd0000] [id=8100]
  0x0000000017502000 WatcherThread [stack: 0x00000000179d0000,0x0000000017ad0000] [id=928]

VM state:at safepoint (normal execution)

VM Mutex/Monitor currently owned by a thread:  ([mutex/lock_event])
[0x000000000339e500] Threads_lock - owner thread: 0x0000000015c34800
[0x000000000339df00] Heap_lock - owner thread: 0x00000000034a2800

heap address: 0x00000000c0000000, size: 1024 MB, Compressed Oops mode: 32-bit
Narrow klass base: 0x0000000000000000, Narrow klass shift: 3
Compressed class space size: 1073741824 Address: 0x0000000100000000

Heap:
 PSYoungGen      total 35840K, used 30720K [0x00000000eab00000, 0x00000000ed300000, 0x0000000100000000)
  eden space 30720K, 100% used [0x00000000eab00000,0x00000000ec900000,0x00000000ec900000)
  from space 5120K, 0% used [0x00000000ec900000,0x00000000ec900000,0x00000000ece00000)
  to   space 5120K, 0% used [0x00000000ece00000,0x00000000ece00000,0x00000000ed300000)
 ParOldGen       total 81920K, used 75364K [0x00000000c0000000, 0x00000000c5000000, 0x00000000eab00000)
  object space 81920K, 91% used [0x00000000c0000000,0x00000000c49990d0,0x00000000c5000000)
 Metaspace       used 6508K, capacity 7216K, committed 7296K, reserved 1056768K
  class space    used 596K, capacity 616K, committed 640K, reserved 1048576K

Card table byte_map: [0x0000000012960000,0x0000000012b70000] byte_map_base: 0x0000000012360000

Marking Bits: (ParMarkBitMap*) 0x0000000063968f30
 Begin Bits: [0x00000000130d0000, 0x00000000140d0000)
 End Bits:   [0x00000000140d0000, 0x00000000150d0000)

Polling page: 0x0000000000ff0000

CodeCache: size=245760Kb used=9549Kb max_used=9549Kb free=236210Kb
 bounds [0x00000000035a0000, 0x0000000003f10000, 0x00000000125a0000]
 total_blobs=2356 nmethods=2085 adapters=184
 compilation: enabled

Compilation events (10 events):
Event: 6.139 Thread 0x0000000015c8c800 2278       2       com.android.dx.cf.attrib.BaseAnnotations::byteLength (8 bytes)
Event: 6.139 Thread 0x0000000015c8c800 nmethod 2278 0x00000000036b5190 code [0x00000000036b52e0, 0x00000000036b5430]
Event: 6.147 Thread 0x0000000015c8c800 2279       2       com.android.dx.cf.code.ByteCatchList$Item::<init> (69 bytes)
Event: 6.148 Thread 0x0000000015c8c800 nmethod 2279 0x00000000036a1a50 code [0x00000000036a1be0, 0x00000000036a1f48]
Event: 6.157 Thread 0x0000000015c8c800 2280       1       com.android.dx.cf.attrib.AttExceptions::getExceptions (5 bytes)
Event: 6.157 Thread 0x0000000015c8c800 nmethod 2280 0x0000000003737e90 code [0x0000000003737fe0, 0x00000000037380f0]
Event: 6.159 Thread 0x0000000015c8c800 2281       2       com.android.dx.cf.direct.StdAttributeFactory::runtimeInvisibleAnnotations (44 bytes)
Event: 6.159 Thread 0x0000000015c8c800 nmethod 2281 0x00000000036ba550 code [0x00000000036ba6e0, 0x00000000036baa58]
Event: 6.160 Thread 0x0000000015c8c800 2282       2       com.android.dx.cf.direct.AnnotationParser::parseValue (805 bytes)
Event: 6.166 Thread 0x0000000015c8c800 nmethod 2282 0x0000000003efdc90 code [0x0000000003efe5c0, 0x0000000003f02258]

GC Heap History (10 events):
Event: 4.579 GC heap before
{Heap before GC invocations=12 (full 0):
 PSYoungGen      total 35840K, used 35642K [0x00000000eab00000, 0x00000000ed300000, 0x0000000100000000)
  eden space 30720K, 100% used [0x00000000eab00000,0x00000000ec900000,0x00000000ec900000)
  from space 5120K, 96% used [0x00000000ec900000,0x00000000ecdcea80,0x00000000ece00000)
  to   space 5120K, 0% used [0x00000000ece00000,0x00000000ece00000,0x00000000ed300000)
 ParOldGen       total 81920K, used 58627K [0x00000000c0000000, 0x00000000c5000000, 0x00000000eab00000)
  object space 81920K, 71% used [0x00000000c0000000,0x00000000c3940fe8,0x00000000c5000000)
 Metaspace       used 6458K, capacity 7216K, committed 7296K, reserved 1056768K
  class space    used 596K, capacity 616K, committed 640K, reserved 1048576K
Event: 4.607 GC heap after
Heap after GC invocations=12 (full 0):
 PSYoungGen      total 35840K, used 4642K [0x00000000eab00000, 0x00000000ed300000, 0x0000000100000000)
  eden space 30720K, 0% used [0x00000000eab00000,0x00000000eab00000,0x00000000ec900000)
  from space 5120K, 90% used [0x00000000ece00000,0x00000000ed288a70,0x00000000ed300000)
  to   space 5120K, 0% used [0x00000000ec900000,0x00000000ec900000,0x00000000ece00000)
 ParOldGen       total 81920K, used 63449K [0x00000000c0000000, 0x00000000c5000000, 0x00000000eab00000)
  object space 81920K, 77% used [0x00000000c0000000,0x00000000c3df64f8,0x00000000c5000000)
 Metaspace       used 6458K, capacity 7216K, committed 7296K, reserved 1056768K
  class space    used 596K, capacity 616K, committed 640K, reserved 1048576K
}
Event: 4.782 GC heap before
{Heap before GC invocations=13 (full 0):
 PSYoungGen      total 35840K, used 35362K [0x00000000eab00000, 0x00000000ed300000, 0x0000000100000000)
  eden space 30720K, 100% used [0x00000000eab00000,0x00000000ec900000,0x00000000ec900000)
  from space 5120K, 90% used [0x00000000ece00000,0x00000000ed288a70,0x00000000ed300000)
  to   space 5120K, 0% used [0x00000000ec900000,0x00000000ec900000,0x00000000ece00000)
 ParOldGen       total 81920K, used 63449K [0x00000000c0000000, 0x00000000c5000000, 0x00000000eab00000)
  object space 81920K, 77% used [0x00000000c0000000,0x00000000c3df64f8,0x00000000c5000000)
 Metaspace       used 6477K, capacity 7216K, committed 7296K, reserved 1056768K
  class space    used 596K, capacity 616K, committed 640K, reserved 1048576K
Event: 4.809 GC heap after
Heap after GC invocations=13 (full 0):
 PSYoungGen      total 35840K, used 4730K [0x00000000eab00000, 0x00000000ed300000, 0x0000000100000000)
  eden space 30720K, 0% used [0x00000000eab00000,0x00000000eab00000,0x00000000ec900000)
  from space 5120K, 92% used [0x00000000ec900000,0x00000000ecd9ea90,0x00000000ece00000)
  to   space 5120K, 0% used [0x00000000ece00000,0x00000000ece00000,0x00000000ed300000)
 ParOldGen       total 81920K, used 67742K [0x00000000c0000000, 0x00000000c5000000, 0x00000000eab00000)
  object space 81920K, 82% used [0x00000000c0000000,0x00000000c4227b50,0x00000000c5000000)
 Metaspace       used 6477K, capacity 7216K, committed 7296K, reserved 1056768K
  class space    used 596K, capacity 616K, committed 640K, reserved 1048576K
}
Event: 5.006 GC heap before
{Heap before GC invocations=14 (full 0):
 PSYoungGen      total 35840K, used 35450K [0x00000000eab00000, 0x00000000ed300000, 0x0000000100000000)
  eden space 30720K, 100% used [0x00000000eab00000,0x00000000ec900000,0x00000000ec900000)
  from space 5120K, 92% used [0x00000000ec900000,0x00000000ecd9ea90,0x00000000ece00000)
  to   space 5120K, 0% used [0x00000000ece00000,0x00000000ece00000,0x00000000ed300000)
 ParOldGen       total 81920K, used 67742K [0x00000000c0000000, 0x00000000c5000000, 0x00000000eab00000)
  object space 81920K, 82% used [0x00000000c0000000,0x00000000c4227b50,0x00000000c5000000)
 Metaspace       used 6483K, capacity 7216K, committed 7296K, reserved 1056768K
  class space    used 596K, capacity 616K, committed 640K, reserved 1048576K
Event: 5.022 GC heap after
Heap after GC invocations=14 (full 0):
 PSYoungGen      total 35840K, used 4608K [0x00000000eab00000, 0x00000000ed300000, 0x0000000100000000)
  eden space 30720K, 0% used [0x00000000eab00000,0x00000000eab00000,0x00000000ec900000)
  from space 5120K, 90% used [0x00000000ece00000,0x00000000ed280000,0x00000000ed300000)
  to   space 5120K, 0% used [0x00000000ec900000,0x00000000ec900000,0x00000000ece00000)
 ParOldGen       total 81920K, used 72124K [0x00000000c0000000, 0x00000000c5000000, 0x00000000eab00000)
  object space 81920K, 88% used [0x00000000c0000000,0x00000000c466f0e8,0x00000000c5000000)
 Metaspace       used 6483K, capacity 7216K, committed 7296K, reserved 1056768K
  class space    used 596K, capacity 616K, committed 640K, reserved 1048576K
}
Event: 5.312 GC heap before
{Heap before GC invocations=15 (full 0):
 PSYoungGen      total 35840K, used 35328K [0x00000000eab00000, 0x00000000ed300000, 0x0000000100000000)
  eden space 30720K, 100% used [0x00000000eab00000,0x00000000ec900000,0x00000000ec900000)
  from space 5120K, 90% used [0x00000000ece00000,0x00000000ed280000,0x00000000ed300000)
  to   space 5120K, 0% used [0x00000000ec900000,0x00000000ec900000,0x00000000ece00000)
 ParOldGen       total 81920K, used 72124K [0x00000000c0000000, 0x00000000c5000000, 0x00000000eab00000)
  object space 81920K, 88% used [0x00000000c0000000,0x00000000c466f0e8,0x00000000c5000000)
 Metaspace       used 6494K, capacity 7216K, committed 7296K, reserved 1056768K
  class space    used 596K, capacity 616K, committed 640K, reserved 1048576K
Event: 5.335 GC heap after
Heap after GC invocations=15 (full 0):
 PSYoungGen      total 35840K, used 4768K [0x00000000eab00000, 0x00000000ed300000, 0x0000000100000000)
  eden space 30720K, 0% used [0x00000000eab00000,0x00000000eab00000,0x00000000ec900000)
  from space 5120K, 93% used [0x00000000ec900000,0x00000000ecda8000,0x00000000ece00000)
  to   space 5120K, 0% used [0x00000000ece00000,0x00000000ece00000,0x00000000ed300000)
 ParOldGen       total 81920K, used 76423K [0x00000000c0000000, 0x00000000c5000000, 0x00000000eab00000)
  object space 81920K, 93% used [0x00000000c0000000,0x00000000c4aa1d38,0x00000000c5000000)
 Metaspace       used 6494K, capacity 7216K, committed 7296K, reserved 1056768K
  class space    used 596K, capacity 616K, committed 640K, reserved 1048576K
}
Event: 5.335 GC heap before
{Heap before GC invocations=16 (full 1):
 PSYoungGen      total 35840K, used 4768K [0x00000000eab00000, 0x00000000ed300000, 0x0000000100000000)
  eden space 30720K, 0% used [0x00000000eab00000,0x00000000eab00000,0x00000000ec900000)
  from space 5120K, 93% used [0x00000000ec900000,0x00000000ecda8000,0x00000000ece00000)
  to   space 5120K, 0% used [0x00000000ece00000,0x00000000ece00000,0x00000000ed300000)
 ParOldGen       total 81920K, used 76423K [0x00000000c0000000, 0x00000000c5000000, 0x00000000eab00000)
  object space 81920K, 93% used [0x00000000c0000000,0x00000000c4aa1d38,0x00000000c5000000)
 Metaspace       used 6494K, capacity 7216K, committed 7296K, reserved 1056768K
  class space    used 596K, capacity 616K, committed 640K, reserved 1048576K
Event: 5.964 GC heap after
Heap after GC invocations=16 (full 1):
 PSYoungGen      total 35840K, used 0K [0x00000000eab00000, 0x00000000ed300000, 0x0000000100000000)
  eden space 30720K, 0% used [0x00000000eab00000,0x00000000eab00000,0x00000000ec900000)
  from space 5120K, 0% used [0x00000000ec900000,0x00000000ec900000,0x00000000ece00000)
  to   space 5120K, 0% used [0x00000000ece00000,0x00000000ece00000,0x00000000ed300000)
 ParOldGen       total 81920K, used 75364K [0x00000000c0000000, 0x00000000c5000000, 0x00000000eab00000)
  object space 81920K, 91% used [0x00000000c0000000,0x00000000c49990d0,0x00000000c5000000)
 Metaspace       used 6494K, capacity 7216K, committed 7296K, reserved 1056768K
  class space    used 596K, capacity 616K, committed 640K, reserved 1048576K
}

Deoptimization events (10 events):
Event: 4.711 Thread 0x000000001774c800 Uncommon trap: reason=unstable_if action=reinterpret pc=0x0000000003e718c0 method=com.android.dx.rop.code.RegisterSpecSet.put(Lcom/android/dx/rop/code/RegisterSpec;)V @ 77
Event: 4.723 Thread 0x000000001774c800 Uncommon trap: reason=unstable_if action=reinterpret pc=0x0000000003ce5d10 method=com.android.dx.ssa.SsaMethod.onSourcesChanged(Lcom/android/dx/ssa/SsaInsn;Lcom/android/dx/rop/code/RegisterSpecList;)V @ 9
Event: 4.723 Thread 0x000000001774c800 Uncommon trap: reason=unstable_if action=reinterpret pc=0x000000000396f1dc method=com.android.dx.ssa.SsaMethod.updateOneDefinition(Lcom/android/dx/ssa/SsaInsn;Lcom/android/dx/rop/code/RegisterSpec;)V @ 4
Event: 4.741 Thread 0x000000001774c800 Uncommon trap: reason=class_check action=maybe_recompile pc=0x0000000003db3458 method=com.android.dx.ssa.SCCP.simulatePhi(Lcom/android/dx/ssa/PhiInsn;)V @ 124
Event: 4.899 Thread 0x00000000034a2800 Uncommon trap: reason=class_check action=maybe_recompile pc=0x0000000003db3458 method=com.android.dx.ssa.SCCP.simulatePhi(Lcom/android/dx/ssa/PhiInsn;)V @ 124
Event: 5.291 Thread 0x000000001774c800 Uncommon trap: reason=speculate_class_check action=maybe_recompile pc=0x0000000003edce0c method=com.android.dx.ssa.SsaInsn.mapRegisters(Lcom/android/dx/ssa/RegisterMapper;)V @ 31
Event: 5.291 Thread 0x000000001774c800 Uncommon trap: reason=speculate_class_check action=maybe_recompile pc=0x0000000003e290c4 method=com.android.dx.ssa.SsaInsn.mapRegisters(Lcom/android/dx/ssa/RegisterMapper;)V @ 31
Event: 5.965 Thread 0x00000000034a2800 Uncommon trap: reason=speculate_class_check action=maybe_recompile pc=0x0000000003edce0c method=com.android.dx.ssa.SsaInsn.mapRegisters(Lcom/android/dx/ssa/RegisterMapper;)V @ 31
Event: 5.968 Thread 0x00000000034a2800 Uncommon trap: reason=speculate_class_check action=maybe_recompile pc=0x0000000003edce0c method=com.android.dx.ssa.SsaInsn.mapRegisters(Lcom/android/dx/ssa/RegisterMapper;)V @ 31
Event: 6.006 Thread 0x000000001774c800 Uncommon trap: reason=bimorphic action=maybe_recompile pc=0x0000000003c3b12c method=java.util.HashMap.getNode(ILjava/lang/Object;)Ljava/util/HashMap$Node; @ 126

Classes redefined (0 events):
No events

Internal exceptions (7 events):
Event: 0.067 Thread 0x00000000034a2800 Exception <a 'java/lang/NoSuchMethodError': Method sun.misc.Unsafe.defineClass(Ljava/lang/String;[BII)Ljava/lang/Class; name or signature does not match> (0x00000000eab07cb0) thrown at [D:\j\worksp~1\openjd~3\jdk8u\hotspot\src\share\vm\prims\jni.cpp, line
Event: 0.067 Thread 0x00000000034a2800 Exception <a 'java/lang/NoSuchMethodError': Method sun.misc.Unsafe.prefetchRead(Ljava/lang/Object;J)V name or signature does not match> (0x00000000eab07f98) thrown at [D:\j\worksp~1\openjd~3\jdk8u\hotspot\src\share\vm\prims\jni.cpp, line 4012]
Event: 1.837 Thread 0x000000001774c800 Exception <a 'java/lang/ArrayIndexOutOfBoundsException': 18> (0x00000000eba49038) thrown at [D:\j\worksp~1\openjd~3\jdk8u\hotspot\src\share\vm\interpreter\interpreterRuntime.cpp, line 368]
Event: 1.837 Thread 0x000000001774c800 Exception <a 'java/lang/ArrayIndexOutOfBoundsException': 145> (0x00000000eba4abb8) thrown at [D:\j\worksp~1\openjd~3\jdk8u\hotspot\src\share\vm\interpreter\interpreterRuntime.cpp, line 368]
Event: 1.839 Thread 0x000000001774c800 Exception <a 'java/lang/ArrayIndexOutOfBoundsException'> (0x00000000eba4bea0) thrown at [D:\j\worksp~1\openjd~3\jdk8u\hotspot\src\share\vm\runtime\sharedRuntime.cpp, line 605]
Event: 4.504 Thread 0x00000000034a2800 Implicit null exception at 0x000000000385e962 to 0x000000000385ea5a
Event: 4.723 Thread 0x000000001774c800 Implicit null exception at 0x0000000003ce543e to 0x0000000003ce5cf9

Events (10 events):
Event: 5.993 Thread 0x000000001774c800 DEOPT UNPACKING pc=0x00000000035e75d0 sp=0x0000000017bce1d0 mode 0
Event: 6.006 Thread 0x000000001774c800 Uncommon trap: trap_request=0xffffffc6 fr.pc=0x0000000003c3b12c
Event: 6.006 Thread 0x000000001774c800 DEOPT PACKING pc=0x0000000003c3b12c sp=0x0000000017bcebd0
Event: 6.006 Thread 0x000000001774c800 DEOPT UNPACKING pc=0x00000000035e557b sp=0x0000000017bceae8 mode 2
Event: 6.033 Thread 0x000000001774c800 DEOPT PACKING pc=0x0000000003dd27ff sp=0x0000000017bcee80
Event: 6.033 Thread 0x000000001774c800 DEOPT UNPACKING pc=0x00000000035e75d0 sp=0x0000000017bcebd0 mode 0
Event: 6.102 Thread 0x000000001774c800 DEOPT PACKING pc=0x0000000003dd27ff sp=0x0000000017bcedf0
Event: 6.102 Thread 0x000000001774c800 DEOPT UNPACKING pc=0x00000000035e75d0 sp=0x0000000017bceb40 mode 0
Event: 6.183 Thread 0x00000000034a2800 DEOPT PACKING pc=0x0000000003dd27ff sp=0x000000000349dd30
Event: 6.183 Thread 0x00000000034a2800 DEOPT UNPACKING pc=0x00000000035e75d0 sp=0x000000000349da80 mode 0


Dynamic libraries:
0x00007ff6d2910000 - 0x00007ff6d2945000 	C:\Program Files\Android\jdk\microsoft_dist_openjdk_1.8.0.25\bin\java.exe
0x00007ffa5aa50000 - 0x00007ffa5ac31000 	C:\WINDOWS\SYSTEM32\ntdll.dll
0x00007ffa5a760000 - 0x00007ffa5a811000 	C:\WINDOWS\System32\KERNEL32.DLL
0x00007ffa56e20000 - 0x00007ffa57093000 	C:\WINDOWS\System32\KERNELBASE.dll
0x00007ffa585e0000 - 0x00007ffa58681000 	C:\WINDOWS\System32\ADVAPI32.dll
0x00007ffa58ca0000 - 0x00007ffa58d3e000 	C:\WINDOWS\System32\msvcrt.dll
0x00007ffa5a6f0000 - 0x00007ffa5a74b000 	C:\WINDOWS\System32\sechost.dll
0x00007ffa58850000 - 0x00007ffa58974000 	C:\WINDOWS\System32\RPCRT4.dll
0x00007ffa5a890000 - 0x00007ffa5aa20000 	C:\WINDOWS\System32\USER32.dll
0x00007ffa57e40000 - 0x00007ffa57e60000 	C:\WINDOWS\System32\win32u.dll
0x00007ffa58f40000 - 0x00007ffa58f68000 	C:\WINDOWS\System32\GDI32.dll
0x00007ffa57140000 - 0x00007ffa572d1000 	C:\WINDOWS\System32\gdi32full.dll
0x00007ffa570a0000 - 0x00007ffa5713f000 	C:\WINDOWS\System32\msvcp_win.dll
0x00007ffa575e0000 - 0x00007ffa576d8000 	C:\WINDOWS\System32\ucrtbase.dll
0x00007ffa452c0000 - 0x00007ffa45529000 	C:\WINDOWS\WinSxS\amd64_microsoft.windows.common-controls_6595b64144ccf1df_6.0.17134.829_none_fb46a5473061b9d5\COMCTL32.dll
0x00007ffa5a3c0000 - 0x00007ffa5a6e2000 	C:\WINDOWS\System32\combase.dll
0x00007ffa57e60000 - 0x00007ffa57eda000 	C:\WINDOWS\System32\bcryptPrimitives.dll
0x00007ffa58820000 - 0x00007ffa5884d000 	C:\WINDOWS\System32\IMM32.DLL
0x00000000639f0000 - 0x0000000063ac1000 	C:\Program Files\Android\jdk\microsoft_dist_openjdk_1.8.0.25\jre\bin\msvcr100.dll
0x00000000631a0000 - 0x00000000639e5000 	C:\Program Files\Android\jdk\microsoft_dist_openjdk_1.8.0.25\jre\bin\server\jvm.dll
0x00007ffa58f70000 - 0x00007ffa58f78000 	C:\WINDOWS\System32\PSAPI.DLL
0x00007ffa369a0000 - 0x00007ffa369a9000 	C:\WINDOWS\SYSTEM32\WSOCK32.dll
0x00007ffa4e990000 - 0x00007ffa4e9b3000 	C:\WINDOWS\SYSTEM32\WINMM.dll
0x00007ffa5a820000 - 0x00007ffa5a88c000 	C:\WINDOWS\System32\WS2_32.dll
0x00007ffa55e00000 - 0x00007ffa55e0a000 	C:\WINDOWS\SYSTEM32\VERSION.dll
0x00007ffa4e800000 - 0x00007ffa4e82a000 	C:\WINDOWS\SYSTEM32\winmmbase.dll
0x00007ffa57df0000 - 0x00007ffa57e39000 	C:\WINDOWS\System32\cfgmgr32.dll
0x00007ffa53500000 - 0x00007ffa5350f000 	C:\Program Files\Android\jdk\microsoft_dist_openjdk_1.8.0.25\jre\bin\verify.dll
0x00007ffa348a0000 - 0x00007ffa348c9000 	C:\Program Files\Android\jdk\microsoft_dist_openjdk_1.8.0.25\jre\bin\java.dll
0x00007ffa51560000 - 0x00007ffa51576000 	C:\Program Files\Android\jdk\microsoft_dist_openjdk_1.8.0.25\jre\bin\zip.dll
0x00007ffa58f80000 - 0x00007ffa5a3c0000 	C:\WINDOWS\System32\SHELL32.dll
0x00007ffa58770000 - 0x00007ffa58819000 	C:\WINDOWS\System32\shcore.dll
0x00007ffa576e0000 - 0x00007ffa57ded000 	C:\WINDOWS\System32\windows.storage.dll
0x00007ffa57ee0000 - 0x00007ffa57f31000 	C:\WINDOWS\System32\shlwapi.dll
0x00007ffa56e00000 - 0x00007ffa56e11000 	C:\WINDOWS\System32\kernel.appcore.dll
0x00007ffa56dd0000 - 0x00007ffa56def000 	C:\WINDOWS\System32\profapi.dll
0x00007ffa56d80000 - 0x00007ffa56dcc000 	C:\WINDOWS\System32\powrprof.dll
0x00007ffa56df0000 - 0x00007ffa56dfa000 	C:\WINDOWS\System32\FLTLIB.DLL

VM Arguments:
jvm_args: -Xmx1G 
java_command: C:\Program Files (x86)\Android\android-sdk\build-tools\25.0.3\\lib\dx.jar --dex --no-strict --output obj\Debug\81\android\bin E:\XWP.Demo06-final\XWP.Demo06\XWP.Demo06.Android\obj\Debug\81\android\bin\classes.zip C:\Program Files (x86)\Microsoft Visual Studio\2017\Professional\Common7\IDE\ReferenceAssemblies\Microsoft\Framework\MonoAndroid\v8.1\mono.android.jar obj\Debug\81\lp\0\jl\formsviewgroup.jar obj\Debug\81\lp\33\jl\arch-core-common.jar obj\Debug\81\lp\34\jl\arch-lifecycle-common.jar obj\Debug\81\lp\35\jl\bin\classes.jar obj\Debug\81\lp\36\jl\bin\classes.jar obj\Debug\81\lp\38\jl\bin\classes.jar obj\Debug\81\lp\39\jl\bin\classes.jar obj\Debug\81\lp\40\jl\bin\classes.jar obj\Debug\81\lp\41\jl\bin\classes.jar obj\Debug\81\lp\42\jl\bin\classes.jar obj\Debug\81\lp\43\jl\bin\classes.jar obj\Debug\81\lp\44\jl\bin\classes.jar obj\Debug\81\lp\45\jl\bin\classes.jar obj\Debug\81\lp\46\jl\bin\classes.jar obj\Debug\81\lp\47\jl\bin\classes.jar obj\Debug\81\lp\48\jl\bin\classes.jar obj\Debug\81\lp\49\jl\bin\classes.jar obj\Debug\81\lp\50\jl\bin\classes.jar obj\Debug\81\lp\51\jl\bin\classes.jar obj\Debug\81\lp\52\jl\bin\classes.jar
java_class_path (initial): C:\Program Files (x86)\Android\android-sdk\build-tools\25.0.3\\lib\dx.jar
Launcher Type: SUN_STANDARD

Environment Variables:
PATH=C:\Program Files\Android\jdk\microsoft_dist_openjdk_1.8.0.25\bin;C:\Program Files (x86)\Common Files\Oracle\Java\javapath;C:\WINDOWS\system32;C:\WINDOWS;C:\WINDOWS\System32\Wbem;C:\WINDOWS\System32\WindowsPowerShell\v1.0\;C:\Program Files\Microsoft SQL Server\130\Tools\Binn\;C:\Program Files\dotnet\;C:\Program Files\Microsoft SQL Server\Client SDK\ODBC\110\Tools\Binn\;C:\Program Files (x86)\Microsoft SQL Server\120\Tools\Binn\ManagementStudio\;C:\Program Files (x86)\Microsoft SQL Server\120\Tools\Binn\;C:\Program Files\Microsoft SQL Server\120\Tools\Binn\;C:\Program Files (x86)\Microsoft SQL Server\120\DTS\Binn\;C:\Program Files\OpenVPN\bin;C:\PostgreSQL\pg96\bin;C:\WINDOWS\System32\OpenSSH\;C:\xampp\php;C:\xampp\mysql\bin;C:\Program Files\Git\cmd;C:\Program Files\Intel\WiFi\bin\;C:\Program Files\Common Files\Intel\WirelessCommon\;C:\Program Files (x86)\Intel\Intel(R) Management Engine Components\DAL;C:\Program Files\Intel\Intel(R) Management Engine Components\DAL;C:\Users\Urbi\AppData\Local\Microsoft\WindowsApps;C:\Users\Urbi\.dotnet\tools;C:\Users\Urbi\AppData\Local\GitHubDesktop\bin
USERNAME=Urbi
OS=Windows_NT
PROCESSOR_IDENTIFIER=Intel64 Family 6 Model 142 Stepping 9, GenuineIntel



---------------  S Y S T E M  ---------------

OS: Windows 10.0 , 64 bit Build 17134 (10.0.17134.753)

CPU:total 4 (initial active 4) (2 cores per cpu, 2 threads per core) family 6 model 142 stepping 9, cmov, cx8, fxsr, mmx, sse, sse2, sse3, ssse3, sse4.1, sse4.2, popcnt, avx, avx2, aes, clmul, erms, 3dnowpref, lzcnt, ht, tsc, tscinvbit, bmi1, bmi2, adx

Memory: 4k page, physical 7773400k(585548k free), swap 16536020k(5452k free)

vm_info: OpenJDK 64-Bit Server VM (25.71-b00) for windows-amd64 JRE (1.8.0-25-microsoft-b00), built on Feb  7 2019 20:09:14 by "builder" with MS VC++ 10.0 (VS2010)

time: Wed Jun 19 22:53:56 2019
timezone: Støední Evropa (letní èas)
elapsed time: 6 seconds (0d 0h 0m 6s)

