#
# There is insufficient memory for the Java Runtime Environment to continue.
# Native memory allocation (malloc) failed to allocate 444336 bytes for Chunk::new
# Possible reasons:
#   The system is out of physical RAM or swap space
#   The process is running with CompressedOops enabled, and the Java Heap may be blocking the growth of the native heap
# Possible solutions:
#   Reduce memory load on the system
#   Increase physical memory or swap space
#   Check if swap backing store is full
#   Decrease Java heap size (-Xmx/-Xms)
#   Decrease number of Java threads
#   Decrease Java thread stack sizes (-Xss)
#   Set larger code cache with -XX:ReservedCodeCacheSize=
#   JVM is running with Unscaled Compressed Oops mode in which the Java heap is
#     placed in the first 4GB address space. The Java Heap base address is the
#     maximum limit for the native heap growth. Please use -XX:HeapBaseMinAddress
#     to set the Java Heap base and to place the Java Heap above 4GB virtual address.
# This output file may be truncated or incomplete.
#
#  Out of Memory Error (allocation.cpp:389), pid=12836, tid=0x0000000000004b2c
#
# JRE version: OpenJDK Runtime Environment (8.0) (build 1.8.0-25-microsoft-b00)
# Java VM: OpenJDK 64-Bit Server VM (25.71-b00 mixed mode windows-amd64 compressed oops)
# Failed to write core dump. Minidumps are not enabled by default on client versions of Windows
#

---------------  T H R E A D  ---------------

Current thread (0x0000000015214800):  JavaThread "C2 CompilerThread0" daemon [_thread_in_native, id=19244, stack(0x0000000016870000,0x0000000016970000)]

Stack: [0x0000000016870000,0x0000000016970000]
[error occurred during error reporting (printing stack bounds), id 0xc0000005]

Native frames: (J=compiled Java code, j=interpreted, Vv=VM code, C=native code)


Current CompileTask:
C2:   3477 1932       4       com.android.dx.ssa.SCCP::simulateBranch (666 bytes)


---------------  P R O C E S S  ---------------

Java Threads: ( => current thread )
  0x0000000016e12800 JavaThread "pool-2-thread-1" [_thread_blocked, id=15724, stack(0x0000000017270000,0x0000000017370000)]
  0x0000000016e0f800 JavaThread "pool-1-thread-1" [_thread_blocked, id=2720, stack(0x0000000017170000,0x0000000017270000)]
  0x0000000016b93000 JavaThread "Service Thread" daemon [_thread_blocked, id=24740, stack(0x0000000016f70000,0x0000000017070000)]
  0x0000000015225000 JavaThread "C1 CompilerThread2" daemon [_thread_blocked, id=17780, stack(0x0000000016a70000,0x0000000016b70000)]
  0x000000001521d800 JavaThread "C2 CompilerThread1" daemon [_thread_in_native, id=17128, stack(0x0000000016970000,0x0000000016a70000)]
=>0x0000000015214800 JavaThread "C2 CompilerThread0" daemon [_thread_in_native, id=19244, stack(0x0000000016870000,0x0000000016970000)]
  0x0000000015213800 JavaThread "Attach Listener" daemon [_thread_blocked, id=22456, stack(0x0000000016770000,0x0000000016870000)]
  0x000000001521b000 JavaThread "Signal Dispatcher" daemon [_thread_blocked, id=8920, stack(0x0000000016670000,0x0000000016770000)]
  0x0000000002b3e000 JavaThread "Finalizer" daemon [_thread_blocked, id=18452, stack(0x0000000016480000,0x0000000016580000)]
  0x0000000002b35800 JavaThread "Reference Handler" daemon [_thread_blocked, id=23096, stack(0x0000000016380000,0x0000000016480000)]
  0x0000000002a42800 JavaThread "main" [_thread_in_Java, id=19704, stack(0x0000000002940000,0x0000000002a40000)]

Other Threads:
  0x00000000151d5000 VMThread [stack: 0x0000000016280000,0x0000000016380000] [id=7196]
  0x0000000016b9c800 WatcherThread [stack: 0x0000000017070000,0x0000000017170000] [id=3968]

VM state:not at safepoint (normal execution)

VM Mutex/Monitor currently owned by a thread: None

heap address: 0x00000000c0000000, size: 1024 MB, Compressed Oops mode: 32-bit
Narrow klass base: 0x0000000000000000, Narrow klass shift: 3
Compressed class space size: 1073741824 Address: 0x0000000100000000

Heap:
 PSYoungGen      total 35840K, used 34169K [0x00000000eab00000, 0x00000000ed300000, 0x0000000100000000)
  eden space 30720K, 94% used [0x00000000eab00000,0x00000000ec77fb58,0x00000000ec900000)
  from space 5120K, 97% used [0x00000000ec900000,0x00000000ecddea80,0x00000000ece00000)
  to   space 5120K, 0% used [0x00000000ece00000,0x00000000ece00000,0x00000000ed300000)
 ParOldGen       total 81920K, used 58142K [0x00000000c0000000, 0x00000000c5000000, 0x00000000eab00000)
  object space 81920K, 70% used [0x00000000c0000000,0x00000000c38c78f0,0x00000000c5000000)
 Metaspace       used 6451K, capacity 7216K, committed 7296K, reserved 1056768K
  class space    used 596K, capacity 616K, committed 640K, reserved 1048576K

Card table byte_map: [0x0000000011f00000,0x0000000012110000] byte_map_base: 0x0000000011900000

Marking Bits: (ParMarkBitMap*) 0x0000000063968f30
 Begin Bits: [0x0000000012670000, 0x0000000013670000)
 End Bits:   [0x0000000013670000, 0x0000000014670000)

Polling page: 0x00000000005f0000

CodeCache: size=245760Kb used=8716Kb max_used=8716Kb free=237043Kb
 bounds [0x0000000002b40000, 0x00000000033d0000, 0x0000000011b40000]
 total_blobs=2277 nmethods=2006 adapters=184
 compilation: enabled

Compilation events (10 events):
Event: 3.439 Thread 0x0000000015225000 2066       1       java.util.TreeMap$Entry::getValue (5 bytes)
Event: 3.439 Thread 0x0000000015225000 nmethod 2066 0x00000000033aff10 code [0x00000000033b0060, 0x00000000033b0170]
Event: 3.439 Thread 0x0000000015225000 2068       2       java.util.TreeMap$PrivateEntryIterator::<init> (28 bytes)
Event: 3.439 Thread 0x0000000015225000 nmethod 2068 0x00000000033afb50 code [0x00000000033afca0, 0x00000000033afe30]
Event: 3.439 Thread 0x0000000015225000 2069       2       java.util.TreeMap$EntryIterator::next (5 bytes)
Event: 3.439 Thread 0x0000000015225000 nmethod 2069 0x00000000033af7d0 code [0x00000000033af940, 0x00000000033afaa8]
Event: 3.439 Thread 0x0000000015225000 2070       2       java.util.TreeMap$EntryIterator::next (5 bytes)
Event: 3.439 Thread 0x0000000015225000 nmethod 2070 0x00000000033af450 code [0x00000000033af5c0, 0x00000000033af728]
Event: 3.439 Thread 0x0000000015225000 2067       2       com.android.dx.ssa.SsaInsn::makeFromRop (10 bytes)
Event: 3.440 Thread 0x0000000015225000 nmethod 2067 0x00000000033aeed0 code [0x00000000033af040, 0x00000000033af2c8]

GC Heap History (10 events):
Event: 2.281 GC heap before
{Heap before GC invocations=7 (full 0):
 PSYoungGen      total 35840K, used 35814K [0x00000000eab00000, 0x00000000ed300000, 0x0000000100000000)
  eden space 30720K, 100% used [0x00000000eab00000,0x00000000ec900000,0x00000000ec900000)
  from space 5120K, 99% used [0x00000000ece00000,0x00000000ed2f9bd0,0x00000000ed300000)
  to   space 5120K, 0% used [0x00000000ec900000,0x00000000ec900000,0x00000000ece00000)
 ParOldGen       total 81920K, used 30224K [0x00000000c0000000, 0x00000000c5000000, 0x00000000eab00000)
  object space 81920K, 36% used [0x00000000c0000000,0x00000000c1d84050,0x00000000c5000000)
 Metaspace       used 6279K, capacity 7088K, committed 7296K, reserved 1056768K
  class space    used 580K, capacity 616K, committed 640K, reserved 1048576K
Event: 2.345 GC heap after
Heap after GC invocations=7 (full 0):
 PSYoungGen      total 35840K, used 5090K [0x00000000eab00000, 0x00000000ed300000, 0x0000000100000000)
  eden space 30720K, 0% used [0x00000000eab00000,0x00000000eab00000,0x00000000ec900000)
  from space 5120K, 99% used [0x00000000ec900000,0x00000000ecdf8be8,0x00000000ece00000)
  to   space 5120K, 0% used [0x00000000ece00000,0x00000000ece00000,0x00000000ed300000)
 ParOldGen       total 81920K, used 37715K [0x00000000c0000000, 0x00000000c5000000, 0x00000000eab00000)
  object space 81920K, 46% used [0x00000000c0000000,0x00000000c24d4d88,0x00000000c5000000)
 Metaspace       used 6279K, capacity 7088K, committed 7296K, reserved 1056768K
  class space    used 580K, capacity 616K, committed 640K, reserved 1048576K
}
Event: 2.518 GC heap before
{Heap before GC invocations=8 (full 0):
 PSYoungGen      total 35840K, used 35810K [0x00000000eab00000, 0x00000000ed300000, 0x0000000100000000)
  eden space 30720K, 100% used [0x00000000eab00000,0x00000000ec900000,0x00000000ec900000)
  from space 5120K, 99% used [0x00000000ec900000,0x00000000ecdf8be8,0x00000000ece00000)
  to   space 5120K, 0% used [0x00000000ece00000,0x00000000ece00000,0x00000000ed300000)
 ParOldGen       total 81920K, used 37715K [0x00000000c0000000, 0x00000000c5000000, 0x00000000eab00000)
  object space 81920K, 46% used [0x00000000c0000000,0x00000000c24d4d88,0x00000000c5000000)
 Metaspace       used 6295K, capacity 7088K, committed 7296K, reserved 1056768K
  class space    used 580K, capacity 616K, committed 640K, reserved 1048576K
Event: 2.545 GC heap after
Heap after GC invocations=8 (full 0):
 PSYoungGen      total 35840K, used 5098K [0x00000000eab00000, 0x00000000ed300000, 0x0000000100000000)
  eden space 30720K, 0% used [0x00000000eab00000,0x00000000eab00000,0x00000000ec900000)
  from space 5120K, 99% used [0x00000000ece00000,0x00000000ed2fa880,0x00000000ed300000)
  to   space 5120K, 0% used [0x00000000ec900000,0x00000000ec900000,0x00000000ece00000)
 ParOldGen       total 81920K, used 43368K [0x00000000c0000000, 0x00000000c5000000, 0x00000000eab00000)
  object space 81920K, 52% used [0x00000000c0000000,0x00000000c2a5a3a0,0x00000000c5000000)
 Metaspace       used 6295K, capacity 7088K, committed 7296K, reserved 1056768K
  class space    used 580K, capacity 616K, committed 640K, reserved 1048576K
}
Event: 2.679 GC heap before
{Heap before GC invocations=9 (full 0):
 PSYoungGen      total 35840K, used 35818K [0x00000000eab00000, 0x00000000ed300000, 0x0000000100000000)
  eden space 30720K, 100% used [0x00000000eab00000,0x00000000ec900000,0x00000000ec900000)
  from space 5120K, 99% used [0x00000000ece00000,0x00000000ed2fa880,0x00000000ed300000)
  to   space 5120K, 0% used [0x00000000ec900000,0x00000000ec900000,0x00000000ece00000)
 ParOldGen       total 81920K, used 43368K [0x00000000c0000000, 0x00000000c5000000, 0x00000000eab00000)
  object space 81920K, 52% used [0x00000000c0000000,0x00000000c2a5a3a0,0x00000000c5000000)
 Metaspace       used 6297K, capacity 7088K, committed 7296K, reserved 1056768K
  class space    used 580K, capacity 616K, committed 640K, reserved 1048576K
Event: 2.701 GC heap after
Heap after GC invocations=9 (full 0):
 PSYoungGen      total 35840K, used 5110K [0x00000000eab00000, 0x00000000ed300000, 0x0000000100000000)
  eden space 30720K, 0% used [0x00000000eab00000,0x00000000eab00000,0x00000000ec900000)
  from space 5120K, 99% used [0x00000000ec900000,0x00000000ecdfdb30,0x00000000ece00000)
  to   space 5120K, 0% used [0x00000000ece00000,0x00000000ece00000,0x00000000ed300000)
 ParOldGen       total 81920K, used 48172K [0x00000000c0000000, 0x00000000c5000000, 0x00000000eab00000)
  object space 81920K, 58% used [0x00000000c0000000,0x00000000c2f0b330,0x00000000c5000000)
 Metaspace       used 6297K, capacity 7088K, committed 7296K, reserved 1056768K
  class space    used 580K, capacity 616K, committed 640K, reserved 1048576K
}
Event: 2.889 GC heap before
{Heap before GC invocations=10 (full 0):
 PSYoungGen      total 35840K, used 35830K [0x00000000eab00000, 0x00000000ed300000, 0x0000000100000000)
  eden space 30720K, 100% used [0x00000000eab00000,0x00000000ec900000,0x00000000ec900000)
  from space 5120K, 99% used [0x00000000ec900000,0x00000000ecdfdb30,0x00000000ece00000)
  to   space 5120K, 0% used [0x00000000ece00000,0x00000000ece00000,0x00000000ed300000)
 ParOldGen       total 81920K, used 48172K [0x00000000c0000000, 0x00000000c5000000, 0x00000000eab00000)
  object space 81920K, 58% used [0x00000000c0000000,0x00000000c2f0b330,0x00000000c5000000)
 Metaspace       used 6300K, capacity 7088K, committed 7296K, reserved 1056768K
  class space    used 580K, capacity 616K, committed 640K, reserved 1048576K
Event: 2.903 GC heap after
Heap after GC invocations=10 (full 0):
 PSYoungGen      total 35840K, used 5104K [0x00000000eab00000, 0x00000000ed300000, 0x0000000100000000)
  eden space 30720K, 0% used [0x00000000eab00000,0x00000000eab00000,0x00000000ec900000)
  from space 5120K, 99% used [0x00000000ece00000,0x00000000ed2fc030,0x00000000ed300000)
  to   space 5120K, 0% used [0x00000000ec900000,0x00000000ec900000,0x00000000ece00000)
 ParOldGen       total 81920K, used 52984K [0x00000000c0000000, 0x00000000c5000000, 0x00000000eab00000)
  object space 81920K, 64% used [0x00000000c0000000,0x00000000c33be0a0,0x00000000c5000000)
 Metaspace       used 6300K, capacity 7088K, committed 7296K, reserved 1056768K
  class space    used 580K, capacity 616K, committed 640K, reserved 1048576K
}
Event: 3.195 GC heap before
{Heap before GC invocations=11 (full 0):
 PSYoungGen      total 35840K, used 35824K [0x00000000eab00000, 0x00000000ed300000, 0x0000000100000000)
  eden space 30720K, 100% used [0x00000000eab00000,0x00000000ec900000,0x00000000ec900000)
  from space 5120K, 99% used [0x00000000ece00000,0x00000000ed2fc030,0x00000000ed300000)
  to   space 5120K, 0% used [0x00000000ec900000,0x00000000ec900000,0x00000000ece00000)
 ParOldGen       total 81920K, used 52984K [0x00000000c0000000, 0x00000000c5000000, 0x00000000eab00000)
  object space 81920K, 64% used [0x00000000c0000000,0x00000000c33be0a0,0x00000000c5000000)
 Metaspace       used 6414K, capacity 7152K, committed 7296K, reserved 1056768K
  class space    used 594K, capacity 616K, committed 640K, reserved 1048576K
Event: 3.220 GC heap after
Heap after GC invocations=11 (full 0):
 PSYoungGen      total 35840K, used 4986K [0x00000000eab00000, 0x00000000ed300000, 0x0000000100000000)
  eden space 30720K, 0% used [0x00000000eab00000,0x00000000eab00000,0x00000000ec900000)
  from space 5120K, 97% used [0x00000000ec900000,0x00000000ecddea80,0x00000000ece00000)
  to   space 5120K, 0% used [0x00000000ece00000,0x00000000ece00000,0x00000000ed300000)
 ParOldGen       total 81920K, used 58142K [0x00000000c0000000, 0x00000000c5000000, 0x00000000eab00000)
  object space 81920K, 70% used [0x00000000c0000000,0x00000000c38c78f0,0x00000000c5000000)
 Metaspace       used 6414K, capacity 7152K, committed 7296K, reserved 1056768K
  class space    used 594K, capacity 616K, committed 640K, reserved 1048576K
}

Deoptimization events (10 events):
Event: 3.154 Thread 0x0000000002a42800 Uncommon trap: reason=class_check action=maybe_recompile pc=0x0000000002f3e120 method=com.android.dx.ssa.NormalSsaInsn.accept(Lcom/android/dx/ssa/SsaInsn$Visitor;)V @ 9
Event: 3.230 Thread 0x0000000016e0f800 Uncommon trap: reason=class_check action=maybe_recompile pc=0x0000000002f3e120 method=com.android.dx.ssa.NormalSsaInsn.accept(Lcom/android/dx/ssa/SsaInsn$Visitor;)V @ 9
Event: 3.251 Thread 0x0000000016e0f800 Uncommon trap: reason=class_check action=maybe_recompile pc=0x0000000002f3e120 method=com.android.dx.ssa.NormalSsaInsn.accept(Lcom/android/dx/ssa/SsaInsn$Visitor;)V @ 9
Event: 3.252 Thread 0x0000000016e0f800 Uncommon trap: reason=unstable_if action=reinterpret pc=0x0000000003164054 method=com.android.dx.ssa.LiteralOpUpgrader$1.visitNonMoveInsn(Lcom/android/dx/ssa/NormalSsaInsn;)V @ 151
Event: 3.297 Thread 0x0000000002a42800 Uncommon trap: reason=class_check action=maybe_recompile pc=0x000000000337a44c method=com.android.dx.ssa.SCCP.simulatePhi(Lcom/android/dx/ssa/PhiInsn;)V @ 124
Event: 3.319 Thread 0x0000000002a42800 Uncommon trap: reason=unstable_if action=reinterpret pc=0x0000000003240754 method=com.android.dx.ssa.SsaBasicBlock.newFromRop(Lcom/android/dx/rop/code/RopMethod;ILcom/android/dx/ssa/SsaMethod;)Lcom/android/dx/ssa/SsaBasicBlock; @ 164
Event: 3.348 Thread 0x0000000002a42800 Uncommon trap: reason=class_check action=maybe_recompile pc=0x0000000002dad214 method=com.android.dx.ssa.NormalSsaInsn.accept(Lcom/android/dx/ssa/SsaInsn$Visitor;)V @ 9
Event: 3.349 Thread 0x0000000002a42800 Uncommon trap: reason=class_check action=maybe_recompile pc=0x0000000002d60e30 method=com.android.dx.ssa.NormalSsaInsn.accept(Lcom/android/dx/ssa/SsaInsn$Visitor;)V @ 9
Event: 3.396 Thread 0x0000000002a42800 Uncommon trap: reason=null_check action=make_not_entrant pc=0x0000000002e114a8 method=com.android.dx.rop.type.Type.equals(Ljava/lang/Object;)Z @ 8
Event: 3.413 Thread 0x0000000002a42800 Uncommon trap: reason=unstable_if action=reinterpret pc=0x000000000327877c method=com.android.dx.util.BitIntSet.has(I)Z @ 8

Classes redefined (0 events):
No events

Internal exceptions (6 events):
Event: 0.037 Thread 0x0000000002a42800 Exception <a 'java/lang/NoSuchMethodError': Method sun.misc.Unsafe.defineClass(Ljava/lang/String;[BII)Ljava/lang/Class; name or signature does not match> (0x00000000eab07cb0) thrown at [D:\j\worksp~1\openjd~3\jdk8u\hotspot\src\share\vm\prims\jni.cpp, line
Event: 0.037 Thread 0x0000000002a42800 Exception <a 'java/lang/NoSuchMethodError': Method sun.misc.Unsafe.prefetchRead(Ljava/lang/Object;J)V name or signature does not match> (0x00000000eab07f98) thrown at [D:\j\worksp~1\openjd~3\jdk8u\hotspot\src\share\vm\prims\jni.cpp, line 4012]
Event: 1.580 Thread 0x0000000016e0f800 Exception <a 'java/lang/ArrayIndexOutOfBoundsException': 18> (0x00000000eb81a128) thrown at [D:\j\worksp~1\openjd~3\jdk8u\hotspot\src\share\vm\interpreter\interpreterRuntime.cpp, line 368]
Event: 1.581 Thread 0x0000000016e0f800 Exception <a 'java/lang/ArrayIndexOutOfBoundsException'> (0x00000000eb81bca8) thrown at [D:\j\worksp~1\openjd~3\jdk8u\hotspot\src\share\vm\runtime\sharedRuntime.cpp, line 605]
Event: 1.582 Thread 0x0000000016e0f800 Exception <a 'java/lang/ArrayIndexOutOfBoundsException'> (0x00000000eb81cf90) thrown at [D:\j\worksp~1\openjd~3\jdk8u\hotspot\src\share\vm\runtime\sharedRuntime.cpp, line 605]
Event: 3.396 Thread 0x0000000002a42800 Implicit null exception at 0x0000000002e113a2 to 0x0000000002e1149a

Events (10 events):
Event: 3.379 Thread 0x0000000016e0f800 DEOPT PACKING pc=0x0000000002e3f74f sp=0x000000001726e630
Event: 3.379 Thread 0x0000000016e0f800 DEOPT UNPACKING pc=0x0000000002b875d0 sp=0x000000001726e490 mode 0
Event: 3.396 Thread 0x0000000002a42800 Uncommon trap: trap_request=0xfffffff4 fr.pc=0x0000000002e114a8
Event: 3.396 Thread 0x0000000002a42800 DEOPT PACKING pc=0x0000000002e114a8 sp=0x0000000002a3dc10
Event: 3.396 Thread 0x0000000002a42800 DEOPT UNPACKING pc=0x0000000002b8557b sp=0x0000000002a3db98 mode 2
Event: 3.406 Thread 0x0000000002a42800 DEOPT PACKING pc=0x0000000002e28184 sp=0x0000000002a3e070
Event: 3.406 Thread 0x0000000002a42800 DEOPT UNPACKING pc=0x0000000002b875d0 sp=0x0000000002a3dd88 mode 0
Event: 3.413 Thread 0x0000000002a42800 Uncommon trap: trap_request=0xffffff65 fr.pc=0x000000000327877c
Event: 3.413 Thread 0x0000000002a42800 DEOPT PACKING pc=0x000000000327877c sp=0x0000000002a3dff0
Event: 3.413 Thread 0x0000000002a42800 DEOPT UNPACKING pc=0x0000000002b8557b sp=0x0000000002a3df18 mode 2


Dynamic libraries:
0x00007ff6d2910000 - 0x00007ff6d2945000 	C:\Program Files\Android\jdk\microsoft_dist_openjdk_1.8.0.25\bin\java.exe
0x00007ffa5aa50000 - 0x00007ffa5ac31000 	C:\WINDOWS\SYSTEM32\ntdll.dll
0x00007ffa5a760000 - 0x00007ffa5a811000 	C:\WINDOWS\System32\KERNEL32.DLL
0x00007ffa56e20000 - 0x00007ffa57093000 	C:\WINDOWS\System32\KERNELBASE.dll
0x00007ffa585e0000 - 0x00007ffa58681000 	C:\WINDOWS\System32\ADVAPI32.dll
0x00007ffa58ca0000 - 0x00007ffa58d3e000 	C:\WINDOWS\System32\msvcrt.dll
0x00007ffa5a6f0000 - 0x00007ffa5a74b000 	C:\WINDOWS\System32\sechost.dll
0x00007ffa58850000 - 0x00007ffa58974000 	C:\WINDOWS\System32\RPCRT4.dll
0x00007ffa5a890000 - 0x00007ffa5aa20000 	C:\WINDOWS\System32\USER32.dll
0x00007ffa57e40000 - 0x00007ffa57e60000 	C:\WINDOWS\System32\win32u.dll
0x00007ffa58f40000 - 0x00007ffa58f68000 	C:\WINDOWS\System32\GDI32.dll
0x00007ffa57140000 - 0x00007ffa572d1000 	C:\WINDOWS\System32\gdi32full.dll
0x00007ffa570a0000 - 0x00007ffa5713f000 	C:\WINDOWS\System32\msvcp_win.dll
0x00007ffa575e0000 - 0x00007ffa576d8000 	C:\WINDOWS\System32\ucrtbase.dll
0x00007ffa452c0000 - 0x00007ffa45529000 	C:\WINDOWS\WinSxS\amd64_microsoft.windows.common-controls_6595b64144ccf1df_6.0.17134.829_none_fb46a5473061b9d5\COMCTL32.dll
0x00007ffa5a3c0000 - 0x00007ffa5a6e2000 	C:\WINDOWS\System32\combase.dll
0x00007ffa57e60000 - 0x00007ffa57eda000 	C:\WINDOWS\System32\bcryptPrimitives.dll
0x00007ffa58820000 - 0x00007ffa5884d000 	C:\WINDOWS\System32\IMM32.DLL
0x00000000639f0000 - 0x0000000063ac1000 	C:\Program Files\Android\jdk\microsoft_dist_openjdk_1.8.0.25\jre\bin\msvcr100.dll
0x00000000631a0000 - 0x00000000639e5000 	C:\Program Files\Android\jdk\microsoft_dist_openjdk_1.8.0.25\jre\bin\server\jvm.dll
0x00007ffa58f70000 - 0x00007ffa58f78000 	C:\WINDOWS\System32\PSAPI.DLL
0x00007ffa369a0000 - 0x00007ffa369a9000 	C:\WINDOWS\SYSTEM32\WSOCK32.dll
0x00007ffa4e990000 - 0x00007ffa4e9b3000 	C:\WINDOWS\SYSTEM32\WINMM.dll
0x00007ffa5a820000 - 0x00007ffa5a88c000 	C:\WINDOWS\System32\WS2_32.dll
0x00007ffa55e00000 - 0x00007ffa55e0a000 	C:\WINDOWS\SYSTEM32\VERSION.dll
0x00007ffa4e800000 - 0x00007ffa4e82a000 	C:\WINDOWS\SYSTEM32\WINMMBASE.dll
0x00007ffa57df0000 - 0x00007ffa57e39000 	C:\WINDOWS\System32\cfgmgr32.dll
0x00007ffa53500000 - 0x00007ffa5350f000 	C:\Program Files\Android\jdk\microsoft_dist_openjdk_1.8.0.25\jre\bin\verify.dll
0x00007ffa348a0000 - 0x00007ffa348c9000 	C:\Program Files\Android\jdk\microsoft_dist_openjdk_1.8.0.25\jre\bin\java.dll
0x00007ffa51560000 - 0x00007ffa51576000 	C:\Program Files\Android\jdk\microsoft_dist_openjdk_1.8.0.25\jre\bin\zip.dll
0x00007ffa58f80000 - 0x00007ffa5a3c0000 	C:\WINDOWS\System32\SHELL32.dll
0x00007ffa58770000 - 0x00007ffa58819000 	C:\WINDOWS\System32\shcore.dll
0x00007ffa576e0000 - 0x00007ffa57ded000 	C:\WINDOWS\System32\windows.storage.dll
0x00007ffa57ee0000 - 0x00007ffa57f31000 	C:\WINDOWS\System32\shlwapi.dll
0x00007ffa56e00000 - 0x00007ffa56e11000 	C:\WINDOWS\System32\kernel.appcore.dll
0x00007ffa56dd0000 - 0x00007ffa56def000 	C:\WINDOWS\System32\profapi.dll
0x00007ffa56d80000 - 0x00007ffa56dcc000 	C:\WINDOWS\System32\powrprof.dll
0x00007ffa56df0000 - 0x00007ffa56dfa000 	C:\WINDOWS\System32\FLTLIB.DLL

VM Arguments:
jvm_args: -Xmx1G 
java_command: C:\Program Files (x86)\Android\android-sdk\build-tools\25.0.3\\lib\dx.jar --dex --no-strict --output obj\Debug\81\android\bin E:\XWP.Demo06-final\XWP.Demo06\XWP.Demo06.Android\obj\Debug\81\android\bin\classes.zip C:\Program Files (x86)\Microsoft Visual Studio\2017\Professional\Common7\IDE\ReferenceAssemblies\Microsoft\Framework\MonoAndroid\v8.1\mono.android.jar obj\Debug\81\lp\0\jl\formsviewgroup.jar obj\Debug\81\lp\33\jl\arch-core-common.jar obj\Debug\81\lp\34\jl\arch-lifecycle-common.jar obj\Debug\81\lp\35\jl\bin\classes.jar obj\Debug\81\lp\36\jl\bin\classes.jar obj\Debug\81\lp\38\jl\bin\classes.jar obj\Debug\81\lp\39\jl\bin\classes.jar obj\Debug\81\lp\40\jl\bin\classes.jar obj\Debug\81\lp\41\jl\bin\classes.jar obj\Debug\81\lp\42\jl\bin\classes.jar obj\Debug\81\lp\43\jl\bin\classes.jar obj\Debug\81\lp\44\jl\bin\classes.jar obj\Debug\81\lp\45\jl\bin\classes.jar obj\Debug\81\lp\46\jl\bin\classes.jar obj\Debug\81\lp\47\jl\bin\classes.jar obj\Debug\81\lp\48\jl\bin\classes.jar obj\Debug\81\lp\49\jl\bin\classes.jar obj\Debug\81\lp\50\jl\bin\classes.jar obj\Debug\81\lp\51\jl\bin\classes.jar obj\Debug\81\lp\52\jl\bin\classes.jar
java_class_path (initial): C:\Program Files (x86)\Android\android-sdk\build-tools\25.0.3\\lib\dx.jar
Launcher Type: SUN_STANDARD

Environment Variables:
PATH=C:\Program Files\Android\jdk\microsoft_dist_openjdk_1.8.0.25\bin;C:\Program Files (x86)\Common Files\Oracle\Java\javapath;C:\WINDOWS\system32;C:\WINDOWS;C:\WINDOWS\System32\Wbem;C:\WINDOWS\System32\WindowsPowerShell\v1.0\;C:\Program Files\Microsoft SQL Server\130\Tools\Binn\;C:\Program Files\dotnet\;C:\Program Files\Microsoft SQL Server\Client SDK\ODBC\110\Tools\Binn\;C:\Program Files (x86)\Microsoft SQL Server\120\Tools\Binn\ManagementStudio\;C:\Program Files (x86)\Microsoft SQL Server\120\Tools\Binn\;C:\Program Files\Microsoft SQL Server\120\Tools\Binn\;C:\Program Files (x86)\Microsoft SQL Server\120\DTS\Binn\;C:\Program Files\OpenVPN\bin;C:\PostgreSQL\pg96\bin;C:\WINDOWS\System32\OpenSSH\;C:\xampp\php;C:\xampp\mysql\bin;C:\Program Files\Git\cmd;C:\Program Files\Intel\WiFi\bin\;C:\Program Files\Common Files\Intel\WirelessCommon\;C:\Program Files (x86)\Intel\Intel(R) Management Engine Components\DAL;C:\Program Files\Intel\Intel(R) Management Engine Components\DAL;C:\Users\Urbi\AppData\Local\Microsoft\WindowsApps;C:\Users\Urbi\.dotnet\tools;C:\Users\Urbi\AppData\Local\GitHubDesktop\bin
USERNAME=Urbi
OS=Windows_NT
PROCESSOR_IDENTIFIER=Intel64 Family 6 Model 142 Stepping 9, GenuineIntel



---------------  S Y S T E M  ---------------

OS: Windows 10.0 , 64 bit Build 17134 (10.0.17134.753)

CPU:total 4 (initial active 4) (2 cores per cpu, 2 threads per core) family 6 model 142 stepping 9, cmov, cx8, fxsr, mmx, sse, sse2, sse3, ssse3, sse4.1, sse4.2, popcnt, avx, avx2, aes, clmul, erms, 3dnowpref, lzcnt, ht, tsc, tscinvbit, bmi1, bmi2, adx

Memory: 4k page, physical 7773400k(541516k free), swap 16536020k(5564k free)

vm_info: OpenJDK 64-Bit Server VM (25.71-b00) for windows-amd64 JRE (1.8.0-25-microsoft-b00), built on Feb  7 2019 20:09:14 by "builder" with MS VC++ 10.0 (VS2010)

time: Wed Jun 19 22:53:02 2019
timezone: Støední Evropa (letní èas)
elapsed time: 3 seconds (0d 0h 0m 3s)

